<?xml version="1.0" encoding="UTF-8"?>
<!-- Generated by org.testng.reporters.JUnitXMLReporter -->
<testsuite ignored="1" hostname="LAPTOP-2S3N9ROM" failures="0" tests="2" name="SearchResults" time="25.983" errors="0" timestamp="2024-03-28T00:46:09 IST">
  <testcase classname="TestClass" name="Test2" time="13.766"/>
  <testcase classname="TestClass" name="Test1" time="12.157"/>
  <testcase classname="TestClass" name="Test3" time="0.0">
    <ignored/>
  </testcase> <!-- Test3 -->
</testsuite> <!-- SearchResults -->
