<?xml version="1.0" encoding="UTF-8"?>
<!-- Generated by org.testng.reporters.JUnitXMLReporter -->
<testsuite ignored="3" hostname="LAPTOP-2S3N9ROM" failures="0" tests="2" name="Test" time="12.085" errors="0" timestamp="2024-04-23T22:26:57 IST">
  <testcase classname="NewTest" name="f" time="1.891"/>
  <testcase classname="TestClass" name="Test2" time="12.041"/>
  <testcase classname="TestClass" name="Test3" time="0.0">
    <ignored/>
  </testcase> <!-- Test3 -->
  <testcase classname="NewTest" name="Test2" time="0.0">
    <ignored/>
  </testcase> <!-- Test2 -->
  <testcase classname="TestClass" name="Test1" time="0.0">
    <ignored/>
  </testcase> <!-- Test1 -->
</testsuite> <!-- Test -->
