<?xml version="1.0" encoding="UTF-8"?>
<testng-results ignored="3" total="5" passed="2" failed="0" skipped="0">
  <reporter-output>
  </reporter-output>
  <suite started-at="2024-04-23T22:26:45 IST" name="Suite" finished-at="2024-04-23T22:26:57 IST" duration-ms="12085">
    <groups>
    </groups>
    <test started-at="2024-04-23T22:26:45 IST" name="Test" finished-at="2024-04-23T22:26:57 IST" duration-ms="12085">
      <class name="NewTest">
        <test-method is-config="true" signature="beforeClass()[pri:0, instance:NewTest@4a94ee4]" started-at="2024-04-23T22:26:45 IST" name="beforeClass" finished-at="2024-04-23T22:26:46 IST" duration-ms="784" status="PASS">
          <reporter-output>
          </reporter-output>
        </test-method> <!-- beforeClass -->
        <test-method is-config="true" signature="beforeMethod()[pri:0, instance:NewTest@4a94ee4]" started-at="2024-04-23T22:26:46 IST" name="beforeMethod" finished-at="2024-04-23T22:26:49 IST" duration-ms="3721" status="PASS">
          <reporter-output>
          </reporter-output>
        </test-method> <!-- beforeMethod -->
        <test-method signature="f()[pri:0, instance:NewTest@4a94ee4]" started-at="2024-04-23T22:26:49 IST" name="f" finished-at="2024-04-23T22:26:51 IST" duration-ms="1891" status="PASS">
          <reporter-output>
          </reporter-output>
        </test-method> <!-- f -->
        <test-method is-config="true" signature="afterMethod()[pri:0, instance:NewTest@4a94ee4]" started-at="2024-04-23T22:26:51 IST" name="afterMethod" finished-at="2024-04-23T22:26:52 IST" duration-ms="458" status="PASS">
          <reporter-output>
          </reporter-output>
        </test-method> <!-- afterMethod -->
        <test-method is-config="true" signature="afterClass()[pri:0, instance:NewTest@4a94ee4]" started-at="2024-04-23T22:26:52 IST" name="afterClass" finished-at="2024-04-23T22:26:52 IST" duration-ms="0" status="PASS">
          <reporter-output>
          </reporter-output>
        </test-method> <!-- afterClass -->
      </class> <!-- NewTest -->
      <class name="TestClass">
        <test-method signature="Test2()[pri:0, instance:TestClass@333291e3]" started-at="2024-04-23T22:26:45 IST" name="Test2" finished-at="2024-04-23T22:26:57 IST" duration-ms="12041" status="PASS">
          <reporter-output>
          </reporter-output>
        </test-method> <!-- Test2 -->
      </class> <!-- TestClass -->
    </test> <!-- Test -->
  </suite> <!-- Suite -->
</testng-results>
